<?xml version="1.0" encoding="UTF-8"?>
<!-- Generated by org.testng.reporters.JUnitReportReporter -->
<testsuite hostname="USER-PC" failures="0" tests="4" name="newRestAssuredTest.HTTPRequest" time="10.650" errors="0" timestamp="2023-01-12T23:45:14 IST" skipped="0">
  <testcase classname="newRestAssuredTest.HTTPRequest" name="getUser" time="7.915"/>
  <system-out/>
  <testcase classname="newRestAssuredTest.HTTPRequest" name="createUser" time="1.446"/>
  <system-out/>
  <testcase classname="newRestAssuredTest.HTTPRequest" name="updateData" time="0.740"/>
  <system-out/>
  <testcase classname="newRestAssuredTest.HTTPRequest" name="deleteReq" time="0.549"/>
  <system-out/>
</testsuite> <!-- newRestAssuredTest.HTTPRequest -->
