<?xml version="1.0" encoding="UTF-8"?>
<!-- Generated by org.testng.reporters.JUnitReportReporter -->
<testsuite hostname="USER-PC" failures="0" tests="5" name="vedioGameAPI.TC_VideoGameAPITest" time="20.929" errors="0" timestamp="2023-01-14T15:01:12 IST" skipped="0">
  <testcase classname="vedioGameAPI.TC_VideoGameAPITest" name="TC_getAllVedeoGames" time="11.978"/>
  <system-out/>
  <testcase classname="vedioGameAPI.TC_VideoGameAPITest" name="TC_addNewVideoGame" time="3.146"/>
  <system-out/>
  <testcase classname="vedioGameAPI.TC_VideoGameAPITest" name="getVeiwGame" time="4.494"/>
  <system-out/>
  <testcase classname="vedioGameAPI.TC_VideoGameAPITest" name="test_putForUpdateData" time="0.884"/>
  <system-out/>
  <testcase classname="vedioGameAPI.TC_VideoGameAPITest" name="test_DeleteVideoGame" time="0.427"/>
  <system-out/>
</testsuite> <!-- vedioGameAPI.TC_VideoGameAPITest -->
