<?xml version="1.0" encoding="UTF-8"?>
<!-- Generated by org.testng.reporters.JUnitReportReporter -->
<testsuite hostname="USER-PC" failures="0" tests="5" name="vedioGameAPI.TC_VideoGameAPITest" time="23.017" errors="0" timestamp="2023-01-14T15:30:16 IST" skipped="0">
  <testcase classname="vedioGameAPI.TC_VideoGameAPITest" name="test_getAllVedeoGames" time="12.419"/>
  <system-out/>
  <testcase classname="vedioGameAPI.TC_VideoGameAPITest" name="test_addNewVideoGame" time="4.012"/>
  <system-out/>
  <testcase classname="vedioGameAPI.TC_VideoGameAPITest" name="test_getVeiwGame" time="6.093"/>
  <system-out/>
  <testcase classname="vedioGameAPI.TC_VideoGameAPITest" name="test_putForUpdateData" time="0.327"/>
  <system-out/>
  <testcase classname="vedioGameAPI.TC_VideoGameAPITest" name="test_DeleteVideoGame" time="0.166"/>
  <system-out/>
</testsuite> <!-- vedioGameAPI.TC_VideoGameAPITest -->
